This is LuaTeX, Version 1.07.0 (TeX Live 2018)  (format=lualatex 2019.2.26)  8 MAY 2019 23:07
 restricted system commands enabled.
 file:line:error style messages enabled.
**apspaper.tex
(./apspaper.tex
LaTeX2e <2018-04-01> patch level 2
Lua module: luaotfload-main 2017/01/29 2.80001 OpenType layout system.
Lua module: lualibs 2017-02-01 2.5 ConTeXt Lua standard libraries.
Lua module: lualibs-extended 2017-02-01 2.5 ConTeXt Lua libraries -- extended collection.(using write cache: /Users/felipe/Library/texlive/2018/texmf-var/luatex-cache/generic)(using read cache: /usr/local/texlive/2018/texmf-var/luatex-cache/generic /Users/felipe/Library/texlive/2018/texmf-var/luatex-cache/generic)
luaotfload | conf : Root cache directory is /Users/felipe/Library/texlive/2018/texmf-var/luatex-cache/generic/names.
luaotfload | init : Loading fontloader “fontloader-2017-02-11.lua” from kpse-resolved path “/usr/local/texlive/2018/texmf-dist/tex/luatex/luaotfload/fontloader-2017-02-11.lua”.
Lua-only attribute luaotfload@state = 1
Lua-only attribute luaotfload@noligature = 2
Lua-only attribute luaotfload@syllabe = 3
luaotfload | init : Context OpenType loader version “3.027”
Inserting `luaotfload.node_processor' at position 1 in `pre_linebreak_filter'.
Inserting `luaotfload.node_processor' at position 1 in `hpack_filter'.
Inserting `luaotfload.define_font' at position 1 in `define_font'.
Lua-only attribute luaotfload_color_attribute = 4
luaotfload | conf : Root cache directory is /Users/felipe/Library/texlive/2018/texmf-var/luatex-cache/generic/names.
Inserting `luaotfload.aux.set_sscale_dimens' at position 1 in `luaotfload.patch_font'.
Inserting `luaotfload.aux.patch_cambria_domh' at position 2 in `luaotfload.patch_font'.
Inserting `luaotfload.aux.fixup_fontdata' at position 1 in `luaotfload.patch_font_unsafe'.
Inserting `luaotfload.aux.set_capheight' at position 3 in `luaotfload.patch_font'.
Inserting `luaotfload.rewrite_fontname' at position 4 in `luaotfload.patch_font'.
luaotfload | main : initialization completed in 0.376 seconds
Babel <3.18> and hyphenation patterns for 1 language(s) loaded.
(/usr/local/texlive/2018/texmf-dist/tex/latex/revtex/revtex4-1.cls
Document Class: revtex4-1 2010/07/25/20:33:00 4.1r (http://publish.aps.org/revtex4/ for documentation)
 Copyright (c) 2009 The American Physical Society.
 mailto:revtex@aps.org
 Licensed under the LPPL:
http://www.ctan.org/tex-archive/macros/latex/base/lppl.txt
 Arthur Ogawa <arthur_ogawa at sbcglobal dot net>
 Based on work by David Carlisle <david at dcarlisle.demon.co.uk>.
ltxutil[2010/07/25/20:33:00 4.1r utilities package (portions licensed from W. E. Baxter web at superscript.com)]
LaTeX Info: Redefining \@centercr on input line 308.
Class revtex4-1 Info: Repairing broken LaTeX eqnarray on input line 358.
\eqncolsep=\skip41
Class revtex4-1 Info: Repairing hyperref-unfriendly LaTeX definition of \mpfootnote on input line 433.
Class revtex4-1 Info: Repairing broken LateX \@sect on input line 755.
\intertabularlinepenalty=\count80
\@tbpen=\count81
\@arstrutbox@hline=\box26
Class revtex4-1 Info: Repairing broken LaTeX \@xbitor on input line 1786.
Class revtex4-1 Info: Making \typeout \long on input line 2046.
ltxfront[2010/07/25/20:33:00 4.1r frontmatter package (AO,DPC)]
\c@affil=\count82
\c@collab=\count83
\absbox=\box27
ltxgrid[2010/07/25/20:33:00 4.1r page grid package (portions licensed from W. E. Baxter web at superscript.com)]
\c@linecount=\count84
\output@latex=\toks14
\box@size@1=\box28
\box@size@2=\box29
\@protection@box=\box30
\@topmark@saved=\toks15
\footins@saved=\box31
\footins@recovered=\box32
\column@recovered=\box33
\pagesofar=\box34
\footsofar=\box35
\pagegrid@col=\count85
Class revtex4-1 Info: Overriding \@vspace, \@vspacer, \@no@pgbk, \@newline, and \\  on input line 5578.
\c@part=\count86
\c@section=\count87
\c@subsection=\count88
\c@subsubsection=\count89
\c@paragraph=\count90
\c@subparagraph=\count91
\abovecaptionskip=\skip42
\belowcaptionskip=\skip43
\c@figure=\count92
\fbox@1=\box36
\c@table=\count93
\fbox@2=\box37
\c@video=\count94
\fbox@4=\box38
\@bibdataout=\write3
\widetext@top=\box39
\widetext@bot=\box40
Class revtex4-1 Info: Selecting society aps on input line 7542.
(/usr/local/texlive/2018/texmf-dist/tex/latex/revtex/aps4-1.rtx
File: aps4-1 2010/07/25/20:33:00 4.1r (http://publish.aps.org/revtex4/ for documentation)
Class revtex4-1 Info: RevTeX society APS selected on input line 31.
)

Class revtex4-1 Warning: No journal specified, using default pra.

Class revtex4-1 Info: APS journal PRA selected on input line 7545.
(/usr/local/texlive/2018/texmf-dist/tex/latex/revtex/aps10pt4-1.rtx
File: aps10pt4-1 2010/07/25/20:33:00 4.1r (http://publish.aps.org/revtex4/ for documentation)
Class revtex4-1 Info: RevTeX pointsize 10pt selected on input line 30.
) (/usr/local/texlive/2018/texmf-dist/tex/latex/textcase/textcase.sty
Package: textcase 2004/10/07 v0.07 Text only upper/lower case changing (DPC)
) (/usr/local/texlive/2018/texmf-dist/tex/latex/amsfonts/amssymb.sty
Package: amssymb 2013/01/14 v3.01 AMS font symbols
 (/usr/local/texlive/2018/texmf-dist/tex/latex/amsfonts/amsfonts.sty
Package: amsfonts 2013/01/14 v3.01 Basic AMSFonts support
\@emptytoks=\toks16
\symAMSa=\mathgroup4
\symAMSb=\mathgroup5
LaTeX Font Info:    Overwriting math alphabet `\mathfrak' in version `bold'
(Font)                  U/euf/m/n --> U/euf/b/n on input line 106.
)) (/usr/local/texlive/2018/texmf-dist/tex/latex/amsmath/amsmath.sty
Package: amsmath 2017/09/02 v2.17a AMS math features
\@mathmargin=\skip44

For additional information on amsmath, use the `?' option.
(/usr/local/texlive/2018/texmf-dist/tex/latex/amsmath/amstext.sty
Package: amstext 2000/06/29 v2.01 AMS text
 (/usr/local/texlive/2018/texmf-dist/tex/latex/amsmath/amsgen.sty
File: amsgen.sty 1999/11/30 v2.0 generic functions
\@emptytoks=\toks17
\ex@=\dimen102
)
LaTeX Info: Redefining \text on input line 28.
) (/usr/local/texlive/2018/texmf-dist/tex/latex/amsmath/amsbsy.sty
Package: amsbsy 1999/11/29 v1.2d Bold Symbols
\pmbraise@=\dimen103
) (/usr/local/texlive/2018/texmf-dist/tex/latex/amsmath/amsopn.sty
Package: amsopn 2016/03/08 v2.02 operator names
)
\inf@bad=\count95
LaTeX Info: Redefining \frac on input line 213.
\uproot@=\count96
\leftroot@=\count97
LaTeX Info: Redefining \overline on input line 375.
\classnum@=\count98
\DOTSCASE@=\count99
LaTeX Info: Redefining \ldots on input line 472.
LaTeX Info: Redefining \dots on input line 475.
LaTeX Info: Redefining \cdots on input line 596.
\Mathstrutbox@=\box41
\strutbox@=\box42
\big@size=\dimen104
LaTeX Font Info:    Redeclaring font encoding OML on input line 712.
LaTeX Font Info:    Redeclaring font encoding OMS on input line 713.
\macc@depth=\count100
\c@MaxMatrixCols=\count101
\dotsspace@=\muskip10
\c@parentequation=\count102
\dspbrk@lvl=\count103
\tag@help=\toks18
\row@=\count104
\column@=\count105
\maxfields@=\count106
\andhelp@=\toks19
\eqnshift@=\dimen105
\alignsep@=\dimen106
\tagshift@=\dimen107
\tagwidth@=\dimen108
\totwidth@=\dimen109
\lineht@=\dimen110
\@envbody=\toks20
\multlinegap=\skip45
\multlinetaggap=\skip46
\mathdisplay@stack=\toks21
LaTeX Info: Redefining \[ on input line 2817.
LaTeX Info: Redefining \] on input line 2818.
) (/usr/local/texlive/2018/texmf-dist/tex/latex/url/url.sty
\Urlmuskip=\muskip11
Package: url 2013/09/16  ver 3.4  Verb mode for urls, etc.
) (/usr/local/texlive/2018/texmf-dist/tex/latex/natbib/natbib.sty
Package: natbib 2010/09/13 8.31b (PWD, AO)
\bibhang=\skip47
\bibsep=\skip48
LaTeX Info: Redefining \cite on input line 694.
\c@NAT@ctr=\count107
)
Class revtex4-1 Info: Repairing natbib's \BibitemShut on input line 7549.
 (/usr/local/texlive/2018/texmf-dist/tex/latex/revtex/revsymb4-1.sty
Package: revsymb4-1 2010/07/25/20:33:00 4.1r (http://publish.aps.org/revtex4/ for documentation)
LaTeX Info: Redefining \frak on input line 95.
LaTeX Info: Redefining \Bbb on input line 111.
LaTeX Info: Redefining \REV@mathfrak on input line 119.
)) (/usr/local/texlive/2018/texmf-dist/tex/latex/graphics/graphicx.sty
Package: graphicx 2017/06/01 v1.1a Enhanced LaTeX Graphics (DPC,SPQR)
 (/usr/local/texlive/2018/texmf-dist/tex/latex/graphics/keyval.sty
Package: keyval 2014/10/28 v1.15 key=value parser (DPC)
\KV@toks@=\toks22
) (/usr/local/texlive/2018/texmf-dist/tex/latex/graphics/graphics.sty
Package: graphics 2017/06/25 v1.2c Standard LaTeX Graphics (DPC,SPQR)
 (/usr/local/texlive/2018/texmf-dist/tex/latex/graphics/trig.sty
Package: trig 2016/01/03 v1.10 sin cos tan (DPC)
) (/usr/local/texlive/2018/texmf-dist/tex/latex/graphics-cfg/graphics.cfg
File: graphics.cfg 2016/06/04 v1.11 sample graphics configuration
)
Package graphics Info: Driver file: luatex.def on input line 99.
 (/usr/local/texlive/2018/texmf-dist/tex/latex/graphics-def/luatex.def
File: luatex.def 2018/01/08 v1.0l Graphics/color driver for luatex
))
\Gin@req@height=\dimen111
\Gin@req@width=\dimen112
) (/usr/local/texlive/2018/texmf-dist/tex/latex/tools/dcolumn.sty
Package: dcolumn 2014/10/28 v1.06 decimal alignment package (DPC)
 (/usr/local/texlive/2018/texmf-dist/tex/latex/tools/array.sty
Package: array 2018/04/07 v2.4g Tabular extension package (FMi)
\col@sep=\dimen113
\ar@mcellbox=\box43
\extrarowheight=\dimen114
\NC@list=\toks23
\extratabsurround=\skip49
\backup@length=\skip50
\ar@cellbox=\box44
)) (/usr/local/texlive/2018/texmf-dist/tex/latex/tools/bm.sty
Package: bm 2017/01/16 v1.2c Bold Symbol Support (DPC/FMi)
\symboldoperators=\mathgroup6
\symboldletters=\mathgroup7
\symboldsymbols=\mathgroup8
LaTeX Font Info:    Redeclaring math alphabet \mathbf on input line 141.
LaTeX Info: Redefining \bm on input line 207.
)
Class revtex4-1 Info: Unrecognized array package. Please update this document class! (Proceeding with fingers crossed.) on input line 11.
Class revtex4-1 Info: Robustifying \LaTeX's \boldmath command on input line 11.
Class revtex4-1 Info: cite was not loaded (OK!) on input line 11.
Class revtex4-1 Info: mcite was not loaded (OK!) on input line 11.
Class revtex4-1 Info: multicol was not loaded (OK!) on input line 11.
 (./apspaper.aux)
\openout1 = apspaper.aux

LaTeX Font Info:    Checking defaults for OML/cmm/m/it on input line 11.
LaTeX Font Info:    ... okay on input line 11.
LaTeX Font Info:    Checking defaults for T1/cmr/m/n on input line 11.
LaTeX Font Info:    ... okay on input line 11.
LaTeX Font Info:    Checking defaults for OT1/cmr/m/n on input line 11.
LaTeX Font Info:    ... okay on input line 11.
LaTeX Font Info:    Checking defaults for OMS/cmsy/m/n on input line 11.
LaTeX Font Info:    ... okay on input line 11.
LaTeX Font Info:    Checking defaults for TU/lmr/m/n on input line 11.
LaTeX Font Info:    ... okay on input line 11.
LaTeX Font Info:    Checking defaults for OMX/cmex/m/n on input line 11.
LaTeX Font Info:    ... okay on input line 11.
LaTeX Font Info:    Checking defaults for U/cmr/m/n on input line 11.
LaTeX Font Info:    ... okay on input line 11.
luaotfload | db : Font names database loaded from /Users/felipe/Library/texlive/2018/texmf-var/luatex-cache/generic/names/luaotfload-names.luc(load luc: /Users/felipe/Library/texlive/2018/texmf-var/luatex-cache/generic/fonts/otl/lmroman10-regular.luc) (/usr/local/texlive/2018/texmf-dist/tex/context/base/mkii/supp-pdf.mkii
[Loading MPS to PDF converter (version 2006.09.02).]
\scratchcounter=\count108
\scratchdimen=\dimen115
\scratchbox=\box45
\nofMPsegments=\count109
\nofMParguments=\count110
\everyMPshowfont=\toks24
\MPscratchCnt=\count111
\MPscratchDim=\dimen116
\MPnumerator=\count112
\makeMPintoPDFobject=\count113
\everyMPtoPDFconversion=\toks25
) (/usr/local/texlive/2018/texmf-dist/tex/latex/oberdiek/epstopdf-base.sty
Package: epstopdf-base 2016/05/15 v2.6 Base part for package epstopdf
 (/usr/local/texlive/2018/texmf-dist/tex/generic/oberdiek/infwarerr.sty
Package: infwarerr 2016/05/16 v1.4 Providing info/warning/error messages (HO)
) (/usr/local/texlive/2018/texmf-dist/tex/latex/oberdiek/grfext.sty
Package: grfext 2016/05/16 v1.2 Manage graphics extensions (HO)
 (/usr/local/texlive/2018/texmf-dist/tex/generic/oberdiek/kvdefinekeys.sty
Package: kvdefinekeys 2016/05/16 v1.4 Define keys (HO)
 (/usr/local/texlive/2018/texmf-dist/tex/generic/oberdiek/ltxcmds.sty
Package: ltxcmds 2016/05/16 v1.23 LaTeX kernel commands for general use (HO)
))) (/usr/local/texlive/2018/texmf-dist/tex/latex/oberdiek/kvoptions.sty
Package: kvoptions 2016/05/16 v3.12 Key value format for package options (HO)
 (/usr/local/texlive/2018/texmf-dist/tex/generic/oberdiek/kvsetkeys.sty
Package: kvsetkeys 2016/05/16 v1.17 Key value parser (HO)
 (/usr/local/texlive/2018/texmf-dist/tex/generic/oberdiek/etexcmds.sty
Package: etexcmds 2016/05/16 v1.6 Avoid name clashes with e-TeX commands (HO)
 (/usr/local/texlive/2018/texmf-dist/tex/generic/oberdiek/ifluatex.sty
Package: ifluatex 2016/05/16 v1.4 Provides the ifluatex switch (HO)
Package ifluatex Info: LuaTeX detected.
)))) (/usr/local/texlive/2018/texmf-dist/tex/generic/oberdiek/pdftexcmds.sty
Package: pdftexcmds 2018/01/30 v0.27 Utility functions of pdfTeX for LuaTeX (HO)
 (/usr/local/texlive/2018/texmf-dist/tex/generic/oberdiek/ifpdf.sty
Package: ifpdf 2017/03/15 v3.2 Provides the ifpdf switch
)
Package pdftexcmds Info: \pdf@primitive is available.
Package pdftexcmds Info: \pdf@ifprimitive is available.
Package pdftexcmds Info: \pdfdraftmode found.
\pdftexcmds@toks=\toks26
)
Package epstopdf-base Info: Redefining graphics rule for `.eps' on input line 438.
Package grfext Info: Graphics extension search list:
(grfext)             [.pdf,.png,.jpg,.mps,.jpeg,.jbig2,.jb2,.PDF,.PNG,.JPG,.JPEG,.JBIG2,.JB2,.eps]
(grfext)             \AppendGraphicsExtensions on input line 456.
 (/usr/local/texlive/2018/texmf-dist/tex/latex/latexconfig/epstopdf-sys.cfg
File: epstopdf-sys.cfg 2010/07/13 v1.3 Configuration of (r)epstopdf for TeX Live
))
\openout3 = apspaperNotes.bib
(load luc: /Users/felipe/Library/texlive/2018/texmf-var/luatex-cache/generic/fonts/otl/lmroman9-regular.luc)
LaTeX Font Info:    Try loading font information for U+msa on input line 25.

(/usr/local/texlive/2018/texmf-dist/tex/latex/amsfonts/umsa.fd
File: umsa.fd 2013/01/14 v3.01 AMS symbols A
)
LaTeX Font Info:    Try loading font information for U+msb on input line 25.
 (/usr/local/texlive/2018/texmf-dist/tex/latex/amsfonts/umsb.fd
File: umsb.fd 2013/01/14 v3.01 AMS symbols B
)(load luc: /Users/felipe/Library/texlive/2018/texmf-var/luatex-cache/generic/fonts/otl/lmroman12-regular.luc)(load luc: /Users/felipe/Library/texlive/2018/texmf-var/luatex-cache/generic/fonts/otl/lmroman12-bold.luc)(load luc: /Users/felipe/Library/texlive/2018/texmf-var/luatex-cache/generic/fonts/otl/lmroman9-italic.luc)(load luc: /Users/felipe/Library/texlive/2018/texmf-var/luatex-cache/generic/fonts/otl/lmroman9-bold.luc) [1{/usr/local/texlive/2018/texmf-var/fonts/map/pdftex/updmap/pdftex.map}](load luc: /Users/felipe/Library/texlive/2018/texmf-var/luatex-cache/generic/fonts/otl/lmroman7-regular.luc)(load luc: /Users/felipe/Library/texlive/2018/texmf-var/luatex-cache/generic/fonts/otl/lmroman5-regular.luc)
Underfull \hbox (badness 1874) in paragraph at lines 99--105
[]\TU/lmr/m/n/10 Se es-tu-di-aron re-des cuadradas de tamaño $\OML/cmm/m/it/10 L \OT1/cmr/m/n/10 =
 []

[2](load luc: /Users/felipe/Library/texlive/2018/texmf-var/luatex-cache/generic/fonts/otl/lmroman10-italic.luc)
./apspaper.tex:145: Double subscript.
l.145 ... compatible con el valor te\'orico de $p_c_
                                                  \text{teo}(\infty) = 0.5927$.
I treat `x_1_2' essentially like `x_1{}_2'.

<../images/F(p).png, id=27, 462.528pt x 346.896pt>
File: ../images/F(p).png Graphic file (type png)
<use ../images/F(p).png>
Package luatex.def Info: ../images/F(p).png  used on input line 149.
(luatex.def)             Requested size: 286.76439pt x 215.07329pt.

Overfull \hbox (40.76439pt too wide) in paragraph at lines 149--149
 [] 
 []

<../images/_f(p).png, id=28, 462.528pt x 346.896pt>
File: ../images/_f(p).png Graphic file (type png)
<use ../images/_f(p).png>
Package luatex.def Info: ../images/_f(p).png  used on input line 156.
(luatex.def)             Requested size: 286.76439pt x 215.07329pt.

Overfull \hbox (40.76439pt too wide) in paragraph at lines 156--156
 [] 
 []

<../images/ajuste.png, id=29, 433.62pt x 289.08pt>
File: ../images/ajuste.png Graphic file (type png)
<use ../images/ajuste.png>
Package luatex.def Info: ../images/ajuste.png  used on input line 163.
(luatex.def)             Requested size: 268.84161pt x 179.22774pt.

Overfull \hbox (22.84161pt too wide) in paragraph at lines 163--163
 [] 
 []

./apspaper.tex:169: Undefined control sequence.
<argument> \Chi 
     (\tau - 1)
l.169 ...umple que $q_0 = \frac{p_c}{\Chi(\tau - 1)}
                                                  $. Teniendo esto en cuenta...
The control sequence at the end of the top line
of your error message was never \def'ed. If you have
misspelled it (e.g., `\hobx'), type `I' and the correct
spelling (e.g., `I\hbox'). Otherwise just continue,
and I'll forget about whatever was undefined.


Underfull \hbox (badness 3009) in paragraph at lines 168--171
[]\TU/lmr/m/n/10 A par-tir de los val-ores de prob-a-bil-i-dad crítica
 []

<../images/n_s_vs_s_ajuste.png, id=30, 433.62pt x 289.08pt>
File: ../images/n_s_vs_s_ajuste.png Graphic file (type png)
<use ../images/n_s_vs_s_ajuste.png>
Package luatex.def Info: ../images/n_s_vs_s_ajuste.png  used on input line 174.
(luatex.def)             Requested size: 268.84161pt x 179.22774pt.

Overfull \hbox (22.84161pt too wide) in paragraph at lines 174--174
 [] 
 []

<../images/n_s_vs_s_ajuste_mejor.png, id=31, 433.62pt x 289.08pt>
File: ../images/n_s_vs_s_ajuste_mejor.png Graphic file (type png)
<use ../images/n_s_vs_s_ajuste_mejor.png>
Package luatex.def Info: ../images/n_s_vs_s_ajuste_mejor.png  used on input line 181.
(luatex.def)             Requested size: 268.84161pt x 179.22774pt.

Overfull \hbox (22.84161pt too wide) in paragraph at lines 181--181
 [] 
 []

[3<../images/F(p).png>]

LaTeX Warning: A float is stuck (cannot be placed); try class option [floatfix] on input line 190.

<../images/masa_vs_L.png, id=40, 433.62pt x 289.08pt>
File: ../images/masa_vs_L.png Graphic file (type png)
<use ../images/masa_vs_L.png>
Package luatex.def Info: ../images/masa_vs_L.png  used on input line 193.
(luatex.def)             Requested size: 268.84161pt x 179.22774pt.

Overfull \hbox (22.84161pt too wide) in paragraph at lines 193--193
 [] 
 []

[4<../images/_f(p).png><../images/ajuste.png><../images/n_s_vs_s_ajuste.png><../images/n_s_vs_s_ajuste_mejor.png>]

LaTeX Warning: A float is stuck (cannot be placed); try class option [floatfix] on input line 201.

<../images/masa_vs_p.png, id=48, 433.62pt x 289.08pt>
File: ../images/masa_vs_p.png Graphic file (type png)
<use ../images/masa_vs_p.png>
Package luatex.def Info: ../images/masa_vs_p.png  used on input line 204.
(luatex.def)             Requested size: 268.84161pt x 179.22774pt.

Overfull \hbox (22.84161pt too wide) in paragraph at lines 204--204
 [] 
 []

<../images/masa_vs_p_fit.png, id=49, 433.62pt x 289.08pt>
File: ../images/masa_vs_p_fit.png Graphic file (type png)
<use ../images/masa_vs_p_fit.png>
Package luatex.def Info: ../images/masa_vs_p_fit.png  used on input line 213.
(luatex.def)             Requested size: 268.84161pt x 179.22774pt.

Overfull \hbox (22.84161pt too wide) in paragraph at lines 213--213
 [] 
 []

(load luc: /Users/felipe/Library/texlive/2018/texmf-var/luatex-cache/generic/fonts/otl/lmroman10-bolditalic.luc)
<../images/f_vs_z.png, id=50, 433.62pt x 289.08pt>
File: ../images/f_vs_z.png Graphic file (type png)
<use ../images/f_vs_z.png>
Package luatex.def Info: ../images/f_vs_z.png  used on input line 230.
(luatex.def)             Requested size: 268.84161pt x 179.22774pt.

Overfull \hbox (22.84161pt too wide) in paragraph at lines 230--230
 [] 
 []

<../images/eps_vs_s_ajuste.png, id=51, 433.62pt x 289.08pt>
File: ../images/eps_vs_s_ajuste.png Graphic file (type png)
<use ../images/eps_vs_s_ajuste.png>
Package luatex.def Info: ../images/eps_vs_s_ajuste.png  used on input line 239.
(luatex.def)             Requested size: 268.84161pt x 179.22774pt.

Overfull \hbox (22.84161pt too wide) in paragraph at lines 239--239
 [] 
 []

(load luc: /Users/felipe/Library/texlive/2018/texmf-var/luatex-cache/generic/fonts/otl/lmroman6-regular.luc) [5<../images/masa_vs_L.png><../images/masa_vs_p.png><../images/masa_vs_p_fit.png>]

LaTeX Warning: A float is stuck (cannot be placed); try class option [floatfix] on input line 245.

<../images/m_2_vs_epsilon.png, id=59, 433.62pt x 289.08pt>
File: ../images/m_2_vs_epsilon.png Graphic file (type png)
<use ../images/m_2_vs_epsilon.png>
Package luatex.def Info: ../images/m_2_vs_epsilon.png  used on input line 251.
(luatex.def)             Requested size: 268.84161pt x 179.22774pt.

Overfull \hbox (22.84161pt too wide) in paragraph at lines 251--251
 [] 
 []

<../images/gamma_vs_epsilon.png, id=60, 433.62pt x 289.08pt>
File: ../images/gamma_vs_epsilon.png Graphic file (type png)
<use ../images/gamma_vs_epsilon.png>
Package luatex.def Info: ../images/gamma_vs_epsilon.png  used on input line 258.
(luatex.def)             Requested size: 268.84161pt x 179.22774pt.

Overfull \hbox (22.84161pt too wide) in paragraph at lines 258--258
 [] 
 []

./apspaper.tex:259: Undefined control sequence.
<argument> ...e \endcsname }{\ignorespaces Ajustes de $\gama 
                                                  $ en funci\'on del m\'inim...
l.259 ...e intersecan, sino que tienden a alejarse.}
                                                  \label{gamma_vs_epsilon}
The control sequence at the end of the top line
of your error message was never \def'ed. If you have
misspelled it (e.g., `\hobx'), type `I' and the correct
spelling (e.g., `I\hbox'). Otherwise just continue,
and I'll forget about whatever was undefined.

./apspaper.tex:259: Undefined control sequence.
<recently read> \gama 
      
l.259 ...e intersecan, sino que tienden a alejarse.}
                                                  \label{gamma_vs_epsilon}
The control sequence at the end of the top line
of your error message was never \def'ed. If you have
misspelled it (e.g., `\hobx'), type `I' and the correct
spelling (e.g., `I\hbox'). Otherwise just continue,
and I'll forget about whatever was undefined.

./apspaper.tex:259: Undefined control sequence.
<recently read> \gama 
      
l.259 ...e intersecan, sino que tienden a alejarse.}
                                                  \label{gamma_vs_epsilon}
The control sequence at the end of the top line
of your error message was never \def'ed. If you have
misspelled it (e.g., `\hobx'), type `I' and the correct
spelling (e.g., `I\hbox'). Otherwise just continue,
and I'll forget about whatever was undefined.

<../images/m_2_vs_epsilon_ajuste.png, id=61, 433.62pt x 289.08pt>
File: ../images/m_2_vs_epsilon_ajuste.png Graphic file (type png)
<use ../images/m_2_vs_epsilon_ajuste.png>
Package luatex.def Info: ../images/m_2_vs_epsilon_ajuste.png  used on input line 265.
(luatex.def)             Requested size: 268.84161pt x 179.22774pt.

Overfull \hbox (22.84161pt too wide) in paragraph at lines 265--265
 [] 
 []

[6<../images/f_vs_z.png><../images/eps_vs_s_ajuste.png><../images/m_2_vs_epsilon.png><../images/gamma_vs_epsilon.png>]

LaTeX Warning: A float is stuck (cannot be placed); try class option [floatfix] on input line 276.

./apspaper.tex:291: Double subscript.
l.291 ... compatible con el valor te\'orico de $p_c_
                                                  \text{teo} = 0.5927$.
I treat `x_1_2' essentially like `x_1{}_2'.

(./apspaper.bbl) [7<../images/m_2_vs_epsilon_ajuste.png>] (./apspaper.aux))

Here is how much of LuaTeX's memory you used:
 4856 strings out of 494413
 100000,154059 words of node,token memory allocated
 552 words of node memory still in use:
   9 hlist, 2 vlist, 2 rule, 1 glue, 1 kern, 21 attribute, 55 glue_spec, 21 attribute_list nodes
   avail lists: 1:1,2:581,3:251,4:28,5:377,6:44,7:10507,8:39,9:361,10:26,11:768
 8712 multiletter control sequences out of 65536+600000
 70 fonts using 4832367 bytes
 41i,9n,28p,1311b,355s stack positions out of 5000i,500n,10000p,200000b,100000s
</usr/local/texlive/2018/texmf-dist/fonts/opentype/public/lm/lmroman6-regular.otf></usr/local/texlive/2018/texmf-dist/fonts/opentype/public/lm/lmroman10-bolditalic.otf></usr/local/texlive/2018/texmf-dist/fonts/opentype/public/lm/lmroman7-regular.otf></usr/local/texlive/2018/texmf-dist/fonts/opentype/public/lm/lmroman10-italic.otf></usr/local/texlive/2018/texmf-dist/fonts/opentype/public/lm/lmroman9-bold.otf></usr/local/texlive/2018/texmf-dist/fonts/opentype/public/lm/lmroman9-regular.otf></usr/local/texlive/2018/texmf-dist/fonts/opentype/public/lm/lmroman9-italic.otf></usr/local/texlive/2018/texmf-dist/fonts/opentype/public/lm/lmroman10-regular.otf></usr/local/texlive/2018/texmf-dist/fonts/opentype/public/lm/lmroman12-bold.otf></usr/local/texlive/2018/texmf-dist/fonts/type1/public/amsfonts/cm/cmex10.pfb></usr/local/texlive/2018/texmf-dist/fonts/type1/public/amsfonts/cm/cmmi10.pfb></usr/local/texlive/2018/texmf-dist/fonts/type1/public/amsfonts/cm/cmmi5.pfb></usr/local/texlive/2018/texmf-
dist/fonts/type1/public/amsfonts/cm/cmmi6.pfb></usr/local/texlive/2018/texmf-dist/fonts/type1/public/amsfonts/cm/cmmi7.pfb></usr/local/texlive/2018/texmf-dist/fonts/type1/public/amsfonts/cm/cmmi9.pfb></usr/local/texlive/2018/texmf-dist/fonts/type1/public/amsfonts/cm/cmr10.pfb></usr/local/texlive/2018/texmf-dist/fonts/type1/public/amsfonts/cm/cmr5.pfb></usr/local/texlive/2018/texmf-dist/fonts/type1/public/amsfonts/cm/cmr6.pfb></usr/local/texlive/2018/texmf-dist/fonts/type1/public/amsfonts/cm/cmr7.pfb></usr/local/texlive/2018/texmf-dist/fonts/type1/public/amsfonts/cm/cmr9.pfb></usr/local/texlive/2018/texmf-dist/fonts/type1/public/amsfonts/cm/cmsy10.pfb></usr/local/texlive/2018/texmf-dist/fonts/type1/public/amsfonts/cm/cmsy6.pfb></usr/local/texlive/2018/texmf-dist/fonts/type1/public/amsfonts/cm/cmsy7.pfb></usr/local/texlive/2018/texmf-dist/fonts/type1/public/amsfonts/cm/cmsy9.pfb>
Output written on apspaper.pdf (7 pages, 450327 bytes).

PDF statistics: 175 PDF objects out of 1000 (max. 8388607)
 97 compressed objects within 1 object stream
 0 named destinations out of 1000 (max. 131072)
 1 words of extra memory for PDF output out of 10000 (max. 100000000)

